<?xml version="1.0" encoding="UTF-8"?>
<coverage generated="1777747871615" clover="3.2.0">
  <project timestamp="1777747871615" name="All files">
    <metrics statements="73" coveredstatements="73" conditionals="57" coveredconditionals="56" methods="19" coveredmethods="19" elements="149" coveredelements="148" complexity="0" loc="73" ncloc="73" packages="2" files="5" classes="5"/>
    <package name="lib">
      <metrics statements="47" coveredstatements="47" conditionals="41" coveredconditionals="40" methods="11" coveredmethods="11"/>
      <file name="crisis.ts" path="/Users/riazulislam/Developer/personal/HormonaIQ/hormona-iq/src/lib/crisis.ts">
        <metrics statements="32" coveredstatements="32" conditionals="27" coveredconditionals="26" methods="10" coveredmethods="10"/>
        <line num="35" count="52" type="stmt"/>
        <line num="39" count="1" type="stmt"/>
        <line num="46" count="20" type="stmt"/>
        <line num="47" count="30" type="stmt"/>
        <line num="60" count="8" type="cond" truecount="1" falsecount="1"/>
        <line num="61" count="8" type="stmt"/>
        <line num="62" count="8" type="stmt"/>
        <line num="63" count="8" type="stmt"/>
        <line num="64" count="8" type="cond" truecount="2" falsecount="0"/>
        <line num="75" count="19" type="cond" truecount="4" falsecount="0"/>
        <line num="76" count="3" type="stmt"/>
        <line num="77" count="3" type="cond" truecount="2" falsecount="0"/>
        <line num="78" count="2" type="stmt"/>
        <line num="79" count="2" type="stmt"/>
        <line num="98" count="1" type="stmt"/>
        <line num="102" count="23" type="cond" truecount="4" falsecount="0"/>
        <line num="105" count="30" type="stmt"/>
        <line num="106" count="22" type="stmt"/>
        <line num="110" count="22" type="cond" truecount="2" falsecount="0"/>
        <line num="111" count="2" type="stmt"/>
        <line num="115" count="20" type="stmt"/>
        <line num="116" count="20" type="cond" truecount="2" falsecount="0"/>
        <line num="119" count="11" type="stmt"/>
        <line num="121" count="3" type="stmt"/>
        <line num="125" count="17" type="cond" truecount="2" falsecount="0"/>
        <line num="126" count="12" type="stmt"/>
        <line num="130" count="5" type="cond" truecount="2" falsecount="0"/>
        <line num="131" count="2" type="stmt"/>
        <line num="134" count="3" type="stmt"/>
        <line num="144" count="19" type="cond" truecount="2" falsecount="0"/>
        <line num="147" count="1" type="stmt"/>
        <line num="153" count="1" type="stmt"/>
      </file>
      <file name="phase.ts" path="/Users/riazulislam/Developer/personal/HormonaIQ/hormona-iq/src/lib/phase.ts">
        <metrics statements="15" coveredstatements="15" conditionals="14" coveredconditionals="14" methods="1" coveredmethods="1"/>
        <line num="23" count="1" type="stmt"/>
        <line num="35" count="1" type="stmt"/>
        <line num="53" count="1" type="stmt"/>
        <line num="75" count="1" type="stmt"/>
        <line num="80" count="24" type="cond" truecount="2" falsecount="0"/>
        <line num="83" count="24" type="cond" truecount="2" falsecount="0"/>
        <line num="86" count="22" type="cond" truecount="2" falsecount="0"/>
        <line num="87" count="16" type="cond" truecount="2" falsecount="0"/>
        <line num="89" count="11" type="stmt"/>
        <line num="90" count="11" type="stmt"/>
        <line num="91" count="11" type="stmt"/>
        <line num="93" count="11" type="cond" truecount="2" falsecount="0"/>
        <line num="94" count="5" type="cond" truecount="2" falsecount="0"/>
        <line num="95" count="3" type="cond" truecount="2" falsecount="0"/>
        <line num="97" count="1" type="stmt"/>
      </file>
    </package>
    <package name="lib.scoring">
      <metrics statements="26" coveredstatements="26" conditionals="16" coveredconditionals="16" methods="8" coveredmethods="8"/>
      <file name="asrs5.ts" path="/Users/riazulislam/Developer/personal/HormonaIQ/hormona-iq/src/lib/scoring/asrs5.ts">
        <metrics statements="4" coveredstatements="4" conditionals="0" coveredconditionals="0" methods="2" coveredmethods="2"/>
        <line num="17" count="1" type="stmt"/>
        <line num="23" count="1" type="stmt"/>
        <line num="24" count="25" type="stmt"/>
        <line num="26" count="6" type="stmt"/>
      </file>
      <file name="drsp.ts" path="/Users/riazulislam/Developer/personal/HormonaIQ/hormona-iq/src/lib/scoring/drsp.ts">
        <metrics statements="10" coveredstatements="10" conditionals="6" coveredconditionals="6" methods="3" coveredmethods="3"/>
        <line num="21" count="1" type="stmt"/>
        <line num="28" count="1" type="stmt"/>
        <line num="35" count="1" type="stmt"/>
        <line num="36" count="225" type="stmt"/>
        <line num="38" count="12" type="stmt"/>
        <line num="39" count="12" type="cond" truecount="2" falsecount="0"/>
        <line num="40" count="10" type="cond" truecount="2" falsecount="0"/>
        <line num="41" count="7" type="cond" truecount="2" falsecount="0"/>
        <line num="42" count="5" type="stmt"/>
        <line num="45" count="12" type="stmt"/>
      </file>
      <file name="phq9.ts" path="/Users/riazulislam/Developer/personal/HormonaIQ/hormona-iq/src/lib/scoring/phq9.ts">
        <metrics statements="12" coveredstatements="12" conditionals="10" coveredconditionals="10" methods="3" coveredmethods="3"/>
        <line num="23" count="1" type="stmt"/>
        <line num="31" count="1" type="stmt"/>
        <line num="38" count="1" type="stmt"/>
        <line num="39" count="135" type="stmt"/>
        <line num="40" count="16" type="cond" truecount="2" falsecount="0"/>
        <line num="42" count="16" type="stmt"/>
        <line num="43" count="16" type="cond" truecount="2" falsecount="0"/>
        <line num="44" count="13" type="cond" truecount="2" falsecount="0"/>
        <line num="45" count="11" type="cond" truecount="2" falsecount="0"/>
        <line num="46" count="8" type="cond" truecount="2" falsecount="0"/>
        <line num="47" count="6" type="stmt"/>
        <line num="50" count="16" type="stmt"/>
      </file>
    </package>
  </project>
</coverage>
