{"/Users/riazulislam/Developer/personal/HormonaIQ/hormona-iq/src/lib/crisis.ts": {"path":"/Users/riazulislam/Developer/personal/HormonaIQ/hormona-iq/src/lib/crisis.ts","statementMap":{"0":{"start":{"line":98,"column":0},"end":{"line":98,"column":16}},"1":{"start":{"line":35,"column":2},"end":{"line":35,"column":44}},"2":{"start":{"line":35,"column":28},"end":{"line":35,"column":42}},"3":{"start":{"line":39,"column":19},"end":{"line":39,"column":27}},"4":{"start":{"line":46,"column":2},"end":{"line":48,"column":17}},"5":{"start":{"line":47,"column":20},"end":{"line":47,"column":48}},"6":{"start":{"line":60,"column":2},"end":{"line":60,"column":40}},"7":{"start":{"line":60,"column":27},"end":{"line":60,"column":40}},"8":{"start":{"line":61,"column":13},"end":{"line":61,"column":47}},"9":{"start":{"line":62,"column":13},"end":{"line":62,"column":47}},"10":{"start":{"line":63,"column":13},"end":{"line":63,"column":47}},"11":{"start":{"line":64,"column":2},"end":{"line":64,"column":62}},"12":{"start":{"line":75,"column":2},"end":{"line":75,"column":45}},"13":{"start":{"line":75,"column":32},"end":{"line":75,"column":45}},"14":{"start":{"line":76,"column":20},"end":{"line":76,"column":40}},"15":{"start":{"line":77,"column":2},"end":{"line":77,"column":44}},"16":{"start":{"line":77,"column":31},"end":{"line":77,"column":44}},"17":{"start":{"line":78,"column":23},"end":{"line":78,"column":57}},"18":{"start":{"line":79,"column":2},"end":{"line":79,"column":27}},"19":{"start":{"line":102,"column":2},"end":{"line":102,"column":54}},"20":{"start":{"line":102,"column":40},"end":{"line":102,"column":54}},"21":{"start":{"line":105,"column":17},"end":{"line":105,"column":74}},"22":{"start":{"line":105,"column":45},"end":{"line":105,"column":73}},"23":{"start":{"line":106,"column":21},"end":{"line":106,"column":30}},"24":{"start":{"line":110,"column":2},"end":{"line":112,"column":3}},"25":{"start":{"line":111,"column":4},"end":{"line":111,"column":43}},"26":{"start":{"line":115,"column":16},"end":{"line":115,"column":44}},"27":{"start":{"line":116,"column":2},"end":{"line":122,"column":3}},"28":{"start":{"line":119,"column":23},"end":{"line":119,"column":52}},"29":{"start":{"line":121,"column":4},"end":{"line":121,"column":43}},"30":{"start":{"line":125,"column":2},"end":{"line":127,"column":3}},"31":{"start":{"line":126,"column":4},"end":{"line":126,"column":43}},"32":{"start":{"line":130,"column":2},"end":{"line":132,"column":3}},"33":{"start":{"line":131,"column":4},"end":{"line":131,"column":43}},"34":{"start":{"line":134,"column":2},"end":{"line":134,"column":16}},"35":{"start":{"line":144,"column":2},"end":{"line":144,"column":66}},"36":{"start":{"line":144,"column":54},"end":{"line":144,"column":66}},"37":{"start":{"line":147,"column":52},"end":{"line":152,"column":4}},"38":{"start":{"line":153,"column":2},"end":{"line":153,"column":25}}},"fnMap":{"0":{"name":"anyAtOrAbove","decl":{"start":{"line":34,"column":9},"end":{"line":34,"column":21}},"loc":{"start":{"line":34,"column":66},"end":{"line":36,"column":1}}},"1":{"name":"(anonymous_1)","decl":{"start":{"line":35,"column":21},"end":{"line":35,"column":22}},"loc":{"start":{"line":35,"column":28},"end":{"line":35,"column":42}}},"2":{"name":"lastThreeSortedDesc","decl":{"start":{"line":45,"column":9},"end":{"line":45,"column":28}},"loc":{"start":{"line":45,"column":57},"end":{"line":49,"column":1}}},"3":{"name":"(anonymous_3)","decl":{"start":{"line":47,"column":10},"end":{"line":47,"column":11}},"loc":{"start":{"line":47,"column":20},"end":{"line":47,"column":48}}},"4":{"name":"areThreeConsecutive","decl":{"start":{"line":59,"column":9},"end":{"line":59,"column":28}},"loc":{"start":{"line":59,"column":56},"end":{"line":65,"column":1}}},"5":{"name":"isWithin48h","decl":{"start":{"line":71,"column":9},"end":{"line":71,"column":20}},"loc":{"start":{"line":73,"column":51},"end":{"line":80,"column":1}}},"6":{"name":"assessCrisisTier","decl":{"start":{"line":98,"column":16},"end":{"line":98,"column":32}},"loc":{"start":{"line":100,"column":22},"end":{"line":135,"column":1}}},"7":{"name":"(anonymous_7)","decl":{"start":{"line":105,"column":35},"end":{"line":105,"column":36}},"loc":{"start":{"line":105,"column":45},"end":{"line":105,"column":73}}},"8":{"name":"(anonymous_8)","decl":{"start":{"line":119,"column":16},"end":{"line":119,"column":17}},"loc":{"start":{"line":119,"column":23},"end":{"line":119,"column":52}}},"9":{"name":"applyAntiFatigue","decl":{"start":{"line":140,"column":9},"end":{"line":140,"column":25}},"loc":{"start":{"line":142,"column":33},"end":{"line":154,"column":1}}}},"branchMap":{"0":{"loc":{"start":{"line":60,"column":2},"end":{"line":60,"column":40}},"type":"if","locations":[{"start":{"line":60,"column":2},"end":{"line":60,"column":40}},{"start":{},"end":{}}]},"1":{"loc":{"start":{"line":64,"column":9},"end":{"line":64,"column":61}},"type":"binary-expr","locations":[{"start":{"line":64,"column":10},"end":{"line":64,"column":32}},{"start":{"line":64,"column":38},"end":{"line":64,"column":60}}]},"2":{"loc":{"start":{"line":75,"column":2},"end":{"line":75,"column":45}},"type":"if","locations":[{"start":{"line":75,"column":2},"end":{"line":75,"column":45}},{"start":{},"end":{}}]},"3":{"loc":{"start":{"line":75,"column":6},"end":{"line":75,"column":30}},"type":"binary-expr","locations":[{"start":{"line":75,"column":6},"end":{"line":75,"column":12}},{"start":{"line":75,"column":16},"end":{"line":75,"column":30}}]},"4":{"loc":{"start":{"line":77,"column":2},"end":{"line":77,"column":44}},"type":"if","locations":[{"start":{"line":77,"column":2},"end":{"line":77,"column":44}},{"start":{},"end":{}}]},"5":{"loc":{"start":{"line":102,"column":2},"end":{"line":102,"column":54}},"type":"if","locations":[{"start":{"line":102,"column":2},"end":{"line":102,"column":54}},{"start":{},"end":{}}]},"6":{"loc":{"start":{"line":102,"column":6},"end":{"line":102,"column":38}},"type":"binary-expr","locations":[{"start":{"line":102,"column":6},"end":{"line":102,"column":14}},{"start":{"line":102,"column":18},"end":{"line":102,"column":38}}]},"7":{"loc":{"start":{"line":110,"column":2},"end":{"line":112,"column":3}},"type":"if","locations":[{"start":{"line":110,"column":2},"end":{"line":112,"column":3}},{"start":{},"end":{}}]},"8":{"loc":{"start":{"line":116,"column":2},"end":{"line":122,"column":3}},"type":"if","locations":[{"start":{"line":116,"column":2},"end":{"line":122,"column":3}},{"start":{},"end":{}}]},"9":{"loc":{"start":{"line":117,"column":4},"end":{"line":119,"column":53}},"type":"binary-expr","locations":[{"start":{"line":117,"column":4},"end":{"line":117,"column":22}},{"start":{"line":118,"column":4},"end":{"line":118,"column":30}},{"start":{"line":119,"column":4},"end":{"line":119,"column":53}}]},"10":{"loc":{"start":{"line":125,"column":2},"end":{"line":127,"column":3}},"type":"if","locations":[{"start":{"line":125,"column":2},"end":{"line":127,"column":3}},{"start":{},"end":{}}]},"11":{"loc":{"start":{"line":130,"column":2},"end":{"line":132,"column":3}},"type":"if","locations":[{"start":{"line":130,"column":2},"end":{"line":132,"column":3}},{"start":{},"end":{}}]},"12":{"loc":{"start":{"line":144,"column":2},"end":{"line":144,"column":66}},"type":"if","locations":[{"start":{"line":144,"column":2},"end":{"line":144,"column":66}},{"start":{},"end":{}}]}},"s":{"0":1,"1":33,"2":52,"3":1,"4":20,"5":30,"6":8,"7":0,"8":8,"9":8,"10":8,"11":8,"12":19,"13":16,"14":3,"15":3,"16":1,"17":2,"18":2,"19":23,"20":1,"21":22,"22":30,"23":22,"24":22,"25":2,"26":20,"27":20,"28":11,"29":3,"30":17,"31":12,"32":5,"33":2,"34":3,"35":19,"36":18,"37":1,"38":1},"f":{"0":33,"1":52,"2":20,"3":30,"4":8,"5":19,"6":23,"7":30,"8":11,"9":19},"b":{"0":[0,8],"1":[8,5],"2":[16,3],"3":[19,3],"4":[1,2],"5":[1,22],"6":[23,23],"7":[2,20],"8":[3,17],"9":[20,8,4],"10":[12,5],"11":[2,3],"12":[18,1]}}
,"/Users/riazulislam/Developer/personal/HormonaIQ/hormona-iq/src/lib/phase.ts": {"path":"/Users/riazulislam/Developer/personal/HormonaIQ/hormona-iq/src/lib/phase.ts","statementMap":{"0":{"start":{"line":75,"column":0},"end":{"line":75,"column":16}},"1":{"start":{"line":23,"column":13},"end":{"line":30,"column":11}},"2":{"start":{"line":35,"column":13},"end":{"line":43,"column":11}},"3":{"start":{"line":53,"column":13},"end":{"line":61,"column":11}},"4":{"start":{"line":80,"column":12},"end":{"line":80,"column":26}},"5":{"start":{"line":83,"column":2},"end":{"line":83,"column":53}},"6":{"start":{"line":83,"column":36},"end":{"line":83,"column":53}},"7":{"start":{"line":86,"column":2},"end":{"line":86,"column":35}},"8":{"start":{"line":86,"column":16},"end":{"line":86,"column":35}},"9":{"start":{"line":87,"column":2},"end":{"line":87,"column":38}},"10":{"start":{"line":87,"column":19},"end":{"line":87,"column":38}},"11":{"start":{"line":89,"column":16},"end":{"line":89,"column":36}},"12":{"start":{"line":90,"column":16},"end":{"line":90,"column":36}},"13":{"start":{"line":91,"column":16},"end":{"line":91,"column":36}},"14":{"start":{"line":93,"column":2},"end":{"line":93,"column":40}},"15":{"start":{"line":93,"column":20},"end":{"line":93,"column":40}},"16":{"start":{"line":94,"column":2},"end":{"line":94,"column":39}},"17":{"start":{"line":94,"column":20},"end":{"line":94,"column":39}},"18":{"start":{"line":95,"column":2},"end":{"line":95,"column":36}},"19":{"start":{"line":95,"column":20},"end":{"line":95,"column":36}},"20":{"start":{"line":97,"column":2},"end":{"line":97,"column":23}}},"fnMap":{"0":{"name":"phaseForDay","decl":{"start":{"line":75,"column":16},"end":{"line":75,"column":27}},"loc":{"start":{"line":78,"column":21},"end":{"line":98,"column":1}}}},"branchMap":{"0":{"loc":{"start":{"line":80,"column":12},"end":{"line":80,"column":26}},"type":"binary-expr","locations":[{"start":{"line":80,"column":12},"end":{"line":80,"column":20}},{"start":{"line":80,"column":24},"end":{"line":80,"column":26}}]},"1":{"loc":{"start":{"line":83,"column":2},"end":{"line":83,"column":53}},"type":"if","locations":[{"start":{"line":83,"column":2},"end":{"line":83,"column":53}},{"start":{},"end":{}}]},"2":{"loc":{"start":{"line":86,"column":2},"end":{"line":86,"column":35}},"type":"if","locations":[{"start":{"line":86,"column":2},"end":{"line":86,"column":35}},{"start":{},"end":{}}]},"3":{"loc":{"start":{"line":87,"column":2},"end":{"line":87,"column":38}},"type":"if","locations":[{"start":{"line":87,"column":2},"end":{"line":87,"column":38}},{"start":{},"end":{}}]},"4":{"loc":{"start":{"line":93,"column":2},"end":{"line":93,"column":40}},"type":"if","locations":[{"start":{"line":93,"column":2},"end":{"line":93,"column":40}},{"start":{},"end":{}}]},"5":{"loc":{"start":{"line":94,"column":2},"end":{"line":94,"column":39}},"type":"if","locations":[{"start":{"line":94,"column":2},"end":{"line":94,"column":39}},{"start":{},"end":{}}]},"6":{"loc":{"start":{"line":95,"column":2},"end":{"line":95,"column":36}},"type":"if","locations":[{"start":{"line":95,"column":2},"end":{"line":95,"column":36}},{"start":{},"end":{}}]}},"s":{"0":1,"1":1,"2":1,"3":1,"4":24,"5":24,"6":2,"7":22,"8":6,"9":16,"10":5,"11":11,"12":11,"13":11,"14":11,"15":6,"16":5,"17":2,"18":3,"19":2,"20":1},"f":{"0":24},"b":{"0":[24,1],"1":[2,22],"2":[6,16],"3":[5,11],"4":[6,5],"5":[2,3],"6":[2,1]}}
,"/Users/riazulislam/Developer/personal/HormonaIQ/hormona-iq/src/lib/scoring/asrs5.ts": {"path":"/Users/riazulislam/Developer/personal/HormonaIQ/hormona-iq/src/lib/scoring/asrs5.ts","statementMap":{"0":{"start":{"line":23,"column":0},"end":{"line":23,"column":16}},"1":{"start":{"line":17,"column":34},"end":{"line":17,"column":36}},"2":{"start":{"line":24,"column":16},"end":{"line":24,"column":56}},"3":{"start":{"line":24,"column":45},"end":{"line":24,"column":52}},"4":{"start":{"line":26,"column":2},"end":{"line":29,"column":4}}},"fnMap":{"0":{"name":"scoreASRS5","decl":{"start":{"line":23,"column":16},"end":{"line":23,"column":26}},"loc":{"start":{"line":23,"column":55},"end":{"line":30,"column":1}}},"1":{"name":"(anonymous_1)","decl":{"start":{"line":24,"column":33},"end":{"line":24,"column":34}},"loc":{"start":{"line":24,"column":45},"end":{"line":24,"column":52}}}},"branchMap":{},"s":{"0":1,"1":1,"2":6,"3":25,"4":6},"f":{"0":6,"1":25},"b":{}}
,"/Users/riazulislam/Developer/personal/HormonaIQ/hormona-iq/src/lib/scoring/drsp.ts": {"path":"/Users/riazulislam/Developer/personal/HormonaIQ/hormona-iq/src/lib/scoring/drsp.ts","statementMap":{"0":{"start":{"line":35,"column":0},"end":{"line":35,"column":16}},"1":{"start":{"line":21,"column":19},"end":{"line":25,"column":11}},"2":{"start":{"line":28,"column":23},"end":{"line":28,"column":26}},"3":{"start":{"line":36,"column":16},"end":{"line":36,"column":56}},"4":{"start":{"line":36,"column":45},"end":{"line":36,"column":52}},"5":{"start":{"line":38,"column":19},"end":{"line":43,"column":6}},"6":{"start":{"line":39,"column":4},"end":{"line":39,"column":54}},"7":{"start":{"line":39,"column":38},"end":{"line":39,"column":54}},"8":{"start":{"line":40,"column":4},"end":{"line":40,"column":56}},"9":{"start":{"line":40,"column":38},"end":{"line":40,"column":56}},"10":{"start":{"line":41,"column":4},"end":{"line":41,"column":52}},"11":{"start":{"line":41,"column":38},"end":{"line":41,"column":52}},"12":{"start":{"line":42,"column":4},"end":{"line":42,"column":21}},"13":{"start":{"line":45,"column":2},"end":{"line":49,"column":4}}},"fnMap":{"0":{"name":"scoreDRSP","decl":{"start":{"line":35,"column":16},"end":{"line":35,"column":25}},"loc":{"start":{"line":35,"column":54},"end":{"line":50,"column":1}}},"1":{"name":"(anonymous_1)","decl":{"start":{"line":36,"column":33},"end":{"line":36,"column":34}},"loc":{"start":{"line":36,"column":45},"end":{"line":36,"column":52}}},"2":{"name":"(anonymous_2)","decl":{"start":{"line":38,"column":20},"end":{"line":38,"column":47}},"loc":{"start":{"line":38,"column":49},"end":{"line":43,"column":3}}}},"branchMap":{"0":{"loc":{"start":{"line":39,"column":4},"end":{"line":39,"column":54}},"type":"if","locations":[{"start":{"line":39,"column":4},"end":{"line":39,"column":54}},{"start":{},"end":{}}]},"1":{"loc":{"start":{"line":40,"column":4},"end":{"line":40,"column":56}},"type":"if","locations":[{"start":{"line":40,"column":4},"end":{"line":40,"column":56}},{"start":{},"end":{}}]},"2":{"loc":{"start":{"line":41,"column":4},"end":{"line":41,"column":52}},"type":"if","locations":[{"start":{"line":41,"column":4},"end":{"line":41,"column":52}},{"start":{},"end":{}}]}},"s":{"0":1,"1":1,"2":1,"3":12,"4":225,"5":12,"6":12,"7":2,"8":10,"9":3,"10":7,"11":2,"12":5,"13":12},"f":{"0":12,"1":225,"2":12},"b":{"0":[2,10],"1":[3,7],"2":[2,5]}}
,"/Users/riazulislam/Developer/personal/HormonaIQ/hormona-iq/src/lib/scoring/phq9.ts": {"path":"/Users/riazulislam/Developer/personal/HormonaIQ/hormona-iq/src/lib/scoring/phq9.ts","statementMap":{"0":{"start":{"line":38,"column":0},"end":{"line":38,"column":16}},"1":{"start":{"line":23,"column":19},"end":{"line":28,"column":11}},"2":{"start":{"line":31,"column":22},"end":{"line":31,"column":23}},"3":{"start":{"line":39,"column":16},"end":{"line":39,"column":56}},"4":{"start":{"line":39,"column":45},"end":{"line":39,"column":52}},"5":{"start":{"line":40,"column":16},"end":{"line":40,"column":45}},"6":{"start":{"line":42,"column":19},"end":{"line":48,"column":6}},"7":{"start":{"line":43,"column":4},"end":{"line":43,"column":65}},"8":{"start":{"line":43,"column":49},"end":{"line":43,"column":65}},"9":{"start":{"line":44,"column":4},"end":{"line":44,"column":76}},"10":{"start":{"line":44,"column":49},"end":{"line":44,"column":76}},"11":{"start":{"line":45,"column":4},"end":{"line":45,"column":67}},"12":{"start":{"line":45,"column":49},"end":{"line":45,"column":67}},"13":{"start":{"line":46,"column":4},"end":{"line":46,"column":63}},"14":{"start":{"line":46,"column":49},"end":{"line":46,"column":63}},"15":{"start":{"line":47,"column":4},"end":{"line":47,"column":21}},"16":{"start":{"line":50,"column":2},"end":{"line":55,"column":4}}},"fnMap":{"0":{"name":"scorePHQ9","decl":{"start":{"line":38,"column":16},"end":{"line":38,"column":25}},"loc":{"start":{"line":38,"column":54},"end":{"line":56,"column":1}}},"1":{"name":"(anonymous_1)","decl":{"start":{"line":39,"column":33},"end":{"line":39,"column":34}},"loc":{"start":{"line":39,"column":45},"end":{"line":39,"column":52}}},"2":{"name":"(anonymous_2)","decl":{"start":{"line":42,"column":20},"end":{"line":42,"column":47}},"loc":{"start":{"line":42,"column":49},"end":{"line":48,"column":3}}}},"branchMap":{"0":{"loc":{"start":{"line":40,"column":16},"end":{"line":40,"column":45}},"type":"binary-expr","locations":[{"start":{"line":40,"column":16},"end":{"line":40,"column":40}},{"start":{"line":40,"column":44},"end":{"line":40,"column":45}}]},"1":{"loc":{"start":{"line":43,"column":4},"end":{"line":43,"column":65}},"type":"if","locations":[{"start":{"line":43,"column":4},"end":{"line":43,"column":65}},{"start":{},"end":{}}]},"2":{"loc":{"start":{"line":44,"column":4},"end":{"line":44,"column":76}},"type":"if","locations":[{"start":{"line":44,"column":4},"end":{"line":44,"column":76}},{"start":{},"end":{}}]},"3":{"loc":{"start":{"line":45,"column":4},"end":{"line":45,"column":67}},"type":"if","locations":[{"start":{"line":45,"column":4},"end":{"line":45,"column":67}},{"start":{},"end":{}}]},"4":{"loc":{"start":{"line":46,"column":4},"end":{"line":46,"column":63}},"type":"if","locations":[{"start":{"line":46,"column":4},"end":{"line":46,"column":63}},{"start":{},"end":{}}]}},"s":{"0":1,"1":1,"2":1,"3":16,"4":135,"5":16,"6":16,"7":16,"8":3,"9":13,"10":2,"11":11,"12":3,"13":8,"14":2,"15":6,"16":16},"f":{"0":16,"1":135,"2":16},"b":{"0":[16,1],"1":[3,13],"2":[2,11],"3":[3,8],"4":[2,6]}}
}
