TN:
SF:src/lib/crisis.ts
FN:34,anyAtOrAbove
FN:35,(anonymous_1)
FN:45,lastThreeSortedDesc
FN:47,(anonymous_3)
FN:59,areThreeConsecutive
FN:71,isWithin48h
FN:98,assessCrisisTier
FN:105,(anonymous_7)
FN:119,(anonymous_8)
FN:140,applyAntiFatigue
FNF:10
FNH:10
FNDA:33,anyAtOrAbove
FNDA:52,(anonymous_1)
FNDA:20,lastThreeSortedDesc
FNDA:30,(anonymous_3)
FNDA:8,areThreeConsecutive
FNDA:19,isWithin48h
FNDA:23,assessCrisisTier
FNDA:30,(anonymous_7)
FNDA:11,(anonymous_8)
FNDA:19,applyAntiFatigue
DA:35,52
DA:39,1
DA:46,20
DA:47,30
DA:60,8
DA:61,8
DA:62,8
DA:63,8
DA:64,8
DA:75,19
DA:76,3
DA:77,3
DA:78,2
DA:79,2
DA:98,1
DA:102,23
DA:105,30
DA:106,22
DA:110,22
DA:111,2
DA:115,20
DA:116,20
DA:119,11
DA:121,3
DA:125,17
DA:126,12
DA:130,5
DA:131,2
DA:134,3
DA:144,19
DA:147,1
DA:153,1
LF:32
LH:32
BRDA:60,0,0,0
BRDA:60,0,1,8
BRDA:64,1,0,8
BRDA:64,1,1,5
BRDA:75,2,0,16
BRDA:75,2,1,3
BRDA:75,3,0,19
BRDA:75,3,1,3
BRDA:77,4,0,1
BRDA:77,4,1,2
BRDA:102,5,0,1
BRDA:102,5,1,22
BRDA:102,6,0,23
BRDA:102,6,1,23
BRDA:110,7,0,2
BRDA:110,7,1,20
BRDA:116,8,0,3
BRDA:116,8,1,17
BRDA:117,9,0,20
BRDA:117,9,1,8
BRDA:117,9,2,4
BRDA:125,10,0,12
BRDA:125,10,1,5
BRDA:130,11,0,2
BRDA:130,11,1,3
BRDA:144,12,0,18
BRDA:144,12,1,1
BRF:27
BRH:26
end_of_record
TN:
SF:src/lib/phase.ts
FN:75,phaseForDay
FNF:1
FNH:1
FNDA:24,phaseForDay
DA:23,1
DA:35,1
DA:53,1
DA:75,1
DA:80,24
DA:83,24
DA:86,22
DA:87,16
DA:89,11
DA:90,11
DA:91,11
DA:93,11
DA:94,5
DA:95,3
DA:97,1
LF:15
LH:15
BRDA:80,0,0,24
BRDA:80,0,1,1
BRDA:83,1,0,2
BRDA:83,1,1,22
BRDA:86,2,0,6
BRDA:86,2,1,16
BRDA:87,3,0,5
BRDA:87,3,1,11
BRDA:93,4,0,6
BRDA:93,4,1,5
BRDA:94,5,0,2
BRDA:94,5,1,3
BRDA:95,6,0,2
BRDA:95,6,1,1
BRF:14
BRH:14
end_of_record
TN:
SF:src/lib/scoring/asrs5.ts
FN:23,scoreASRS5
FN:24,(anonymous_1)
FNF:2
FNH:2
FNDA:6,scoreASRS5
FNDA:25,(anonymous_1)
DA:17,1
DA:23,1
DA:24,25
DA:26,6
LF:4
LH:4
BRF:0
BRH:0
end_of_record
TN:
SF:src/lib/scoring/drsp.ts
FN:35,scoreDRSP
FN:36,(anonymous_1)
FN:38,(anonymous_2)
FNF:3
FNH:3
FNDA:12,scoreDRSP
FNDA:225,(anonymous_1)
FNDA:12,(anonymous_2)
DA:21,1
DA:28,1
DA:35,1
DA:36,225
DA:38,12
DA:39,12
DA:40,10
DA:41,7
DA:42,5
DA:45,12
LF:10
LH:10
BRDA:39,0,0,2
BRDA:39,0,1,10
BRDA:40,1,0,3
BRDA:40,1,1,7
BRDA:41,2,0,2
BRDA:41,2,1,5
BRF:6
BRH:6
end_of_record
TN:
SF:src/lib/scoring/phq9.ts
FN:38,scorePHQ9
FN:39,(anonymous_1)
FN:42,(anonymous_2)
FNF:3
FNH:3
FNDA:16,scorePHQ9
FNDA:135,(anonymous_1)
FNDA:16,(anonymous_2)
DA:23,1
DA:31,1
DA:38,1
DA:39,135
DA:40,16
DA:42,16
DA:43,16
DA:44,13
DA:45,11
DA:46,8
DA:47,6
DA:50,16
LF:12
LH:12
BRDA:40,0,0,16
BRDA:40,0,1,1
BRDA:43,1,0,3
BRDA:43,1,1,13
BRDA:44,2,0,2
BRDA:44,2,1,11
BRDA:45,3,0,3
BRDA:45,3,1,8
BRDA:46,4,0,2
BRDA:46,4,1,6
BRF:10
BRH:10
end_of_record
